2020-02-09 00:00:01,136 INFO 5393 [egg-logrotator] app logger reload: got log-reload message
2020-02-09 00:41:05,209 INFO 5860 [egg:logger] init all loggers with options: {"dir":"/Users/mac/Documents/Web/workspace/YouYou/logs/youyou","encoding":"utf8","env":"local","level":"INFO","consoleLevel":"INFO","disableConsoleAfterReady":false,"outputJSON":false,"buffer":true,"appLogName":"youyou-web.log","coreLogName":"egg-web.log","agentLogName":"egg-agent.log","errorLogName":"common-error.log","coreLogger":{"consoleLevel":"WARN"},"allowDebugAtProd":false,"type":"application"}
2020-02-09 00:41:05,242 INFO 5860 [egg-multipart] stream mode enable
2020-02-09 00:41:05,336 INFO 5860 [egg-static] starting static serve /public/ -> /Users/mac/Documents/Web/workspace/YouYou/app/public
2020-02-09 00:41:05,340 INFO 5860 [egg-security] use csrf middleware
2020-02-09 00:41:05,342 INFO 5860 [egg-security] use methodnoallow middleware
2020-02-09 00:41:05,343 INFO 5860 [egg-security] use noopen middleware
2020-02-09 00:41:05,344 INFO 5860 [egg-security] use nosniff middleware
2020-02-09 00:41:05,347 INFO 5860 [egg-security] use xssProtection middleware
2020-02-09 00:41:05,348 INFO 5860 [egg-security] use xframe middleware
2020-02-09 00:41:05,349 INFO 5860 [egg-security] use dta middleware
2020-02-09 00:41:05,349 INFO 5860 [egg-security] compose 7 middlewares into one security middleware
2020-02-09 00:41:05,365 INFO 5860 [egg:core] dump config after load, 10ms
2020-02-09 00:41:05,376 INFO 5860 [egg-watcher:application] watcher start success
2020-02-09 00:41:05,381 INFO 5860 [egg:core] dump config after ready, 3ms
2020-02-09 00:54:47,034 INFO 6071 [egg:logger] init all loggers with options: {"dir":"/Users/mac/Documents/Web/workspace/YouYou/logs/youyou","encoding":"utf8","env":"local","level":"INFO","consoleLevel":"INFO","disableConsoleAfterReady":false,"outputJSON":false,"buffer":true,"appLogName":"youyou-web.log","coreLogName":"egg-web.log","agentLogName":"egg-agent.log","errorLogName":"common-error.log","coreLogger":{"consoleLevel":"WARN"},"allowDebugAtProd":false,"type":"application"}
2020-02-09 00:54:47,098 INFO 6071 [egg-multipart] stream mode enable
2020-02-09 00:54:47,193 INFO 6071 [egg-static] starting static serve /public/ -> /Users/mac/Documents/Web/workspace/YouYou/app/public
2020-02-09 00:54:47,196 INFO 6071 [egg-security] use csrf middleware
2020-02-09 00:54:47,197 INFO 6071 [egg-security] use methodnoallow middleware
2020-02-09 00:54:47,198 INFO 6071 [egg-security] use noopen middleware
2020-02-09 00:54:47,199 INFO 6071 [egg-security] use nosniff middleware
2020-02-09 00:54:47,199 INFO 6071 [egg-security] use xssProtection middleware
2020-02-09 00:54:47,200 INFO 6071 [egg-security] use xframe middleware
2020-02-09 00:54:47,200 INFO 6071 [egg-security] use dta middleware
2020-02-09 00:54:47,200 INFO 6071 [egg-security] compose 7 middlewares into one security middleware
2020-02-09 00:54:47,212 INFO 6071 [egg:core] dump config after load, 6ms
2020-02-09 00:54:47,222 INFO 6071 [egg-watcher:application] watcher start success
2020-02-09 00:54:47,230 INFO 6071 [egg:core] dump config after ready, 4ms
